build/app/intermediates/manifest_merge_blame_file/debug/manifest-merger-blame-debug-report.txt
1<?xml version="1.0" encoding="utf-8"?>
2<manifest xmlns:android="http://schemas.android.com/apk/res/android"
3    package="com.example.gpafinder"
4    android:versionCode="7"
5    android:versionName="3.1.0" >
6
7    <uses-sdk
8        android:minSdkVersion="16"
9        android:targetSdkVersion="29" />
10    <!--
11         Flutter needs it to communicate with the running application
12         to allow setting breakpoints, to provide hot reload, etc.
13    -->
14    <uses-permission android:name="android.permission.INTERNET" />
14-->src/main/AndroidManifest.xml:8:5-66
14-->src/main/AndroidManifest.xml:8:22-64
15
16    <application
16-->src/main/AndroidManifest.xml:9:5-30:19
17        android:name="io.flutter.app.FlutterApplication"
17-->src/main/AndroidManifest.xml:10:9-57
18        android:appComponentFactory="androidx.core.app.CoreComponentFactory"
18-->[androidx.core:core:1.1.0] AndroidManifest.xml:24:18-86
19        android:debuggable="true"
20        android:icon="@mipmap/ic_launcher"
20-->src/main/AndroidManifest.xml:12:9-43
21        android:label="SRM GPA Finder" >
21-->src/main/AndroidManifest.xml:11:9-39
22        <activity
22-->src/main/AndroidManifest.xml:13:9-24:20
23            android:name="com.example.gpacalculator.MainActivity"
23-->src/main/AndroidManifest.xml:14:13-41
24            android:configChanges="orientation|keyboardHidden|keyboard|screenSize|smallestScreenSize|locale|layoutDirection|fontScale|screenLayout|density|uiMode"
24-->src/main/AndroidManifest.xml:17:13-163
25            android:hardwareAccelerated="true"
25-->src/main/AndroidManifest.xml:18:13-47
26            android:launchMode="singleTop"
26-->src/main/AndroidManifest.xml:15:13-43
27            android:theme="@style/LaunchTheme"
27-->src/main/AndroidManifest.xml:16:13-47
28            android:windowSoftInputMode="adjustResize" >
28-->src/main/AndroidManifest.xml:19:13-55
29            <intent-filter>
29-->src/main/AndroidManifest.xml:20:13-23:29
30                <action android:name="android.intent.action.MAIN" />
30-->src/main/AndroidManifest.xml:21:17-68
30-->src/main/AndroidManifest.xml:21:25-66
31
32                <category android:name="android.intent.category.LAUNCHER" />
32-->src/main/AndroidManifest.xml:22:17-76
32-->src/main/AndroidManifest.xml:22:27-74
33            </intent-filter>
34        </activity>
35        <!--
36             Don't delete the meta-data below.
37             This is used by the Flutter tool to generate GeneratedPluginRegistrant.java
38        -->
39        <meta-data
39-->src/main/AndroidManifest.xml:27:9-29:33
40            android:name="flutterEmbedding"
40-->src/main/AndroidManifest.xml:28:13-44
41            android:value="2" />
41-->src/main/AndroidManifest.xml:29:13-30
42
43        <activity
43-->[:url_launcher] AndroidManifest.xml:8:9-11:74
44            android:name="io.flutter.plugins.urllauncher.WebViewActivity"
44-->[:url_launcher] AndroidManifest.xml:9:13-74
45            android:exported="false"
45-->[:url_launcher] AndroidManifest.xml:10:13-37
46            android:theme="@android:style/Theme.NoTitleBar.Fullscreen" />
46-->[:url_launcher] AndroidManifest.xml:11:13-71
47    </application>
48
49</manifest>